#-----------------------------------------------------------
# Vivado v2018.3 (64-bit)
# SW Build 2405991 on Thu Dec  6 23:38:27 MST 2018
# IP Build 2404404 on Fri Dec  7 01:43:56 MST 2018
# Start of session at: Sat Dec 14 18:36:42 2019
# Process ID: 3008
# Current directory: C:/Users/admin/Desktop/5b6b/B_2mbps/hdl_netlist
# Command line: vivado.exe -gui_launcher_event rodinguilauncherevent3188 C:\Users\admin\Desktop\5b6b\B_2mbps\hdl_netlist\encode_b.xpr
# Log file: C:/Users/admin/Desktop/5b6b/B_2mbps/hdl_netlist/vivado.log
# Journal file: C:/Users/admin/Desktop/5b6b/B_2mbps/hdl_netlist\vivado.jou
#-----------------------------------------------------------
start_gui
open_project C:/Users/admin/Desktop/5b6b/B_2mbps/hdl_netlist/encode_b.xpr
Scanning sources...
Finished scanning sources
INFO: [IP_Flow 19-234] Refreshing IP repositories
INFO: [IP_Flow 19-1704] No user IP repositories specified
INFO: [IP_Flow 19-2313] Loaded Vivado IP repository 'C:/Xilinx/Vivado/2018.3/data/ip'.
open_project: Time (s): cpu = 00:00:13 ; elapsed = 00:00:06 . Memory (MB): peak = 689.043 ; gain = 76.898
update_compile_order -fileset sources_1
file mkdir C:/Users/admin/Desktop/5b6b/B_2mbps/hdl_netlist/encode_b.srcs/constrs_1/new
close [ open C:/Users/admin/Desktop/5b6b/B_2mbps/hdl_netlist/encode_b.srcs/constrs_1/new/cons.xdc w ]
add_files -fileset constrs_1 C:/Users/admin/Desktop/5b6b/B_2mbps/hdl_netlist/encode_b.srcs/constrs_1/new/cons.xdc
launch_runs impl_1 -to_step write_bitstream -jobs 8
[Sat Dec 14 18:39:52 2019] Launched synth_1...
Run output will be captured here: C:/Users/admin/Desktop/5b6b/B_2mbps/hdl_netlist/encode_b.runs/synth_1/runme.log
[Sat Dec 14 18:39:52 2019] Launched impl_1...
Run output will be captured here: C:/Users/admin/Desktop/5b6b/B_2mbps/hdl_netlist/encode_b.runs/impl_1/runme.log
open_hw
close_hw
open_hw
connect_hw_server
INFO: [Labtools 27-2285] Connecting to hw_server url TCP:localhost:3121
INFO: [Labtools 27-2222] Launching hw_server...
INFO: [Labtools 27-2221] Launch Output:

****** Xilinx hw_server v2018.3
  **** Build date : Dec  7 2018-00:40:27
    ** Copyright 1986-2018 Xilinx, Inc. All Rights Reserved.


WARNING: [Common 17-9] Error reading message records.
WARNING: [Common 17-9] Error reading message records.
WARNING: [Common 17-9] Error reading message records.
open_project C:/Users/admin/Desktop/5b6b/Decode_A_2Mbps/hdl_netlist/decode_a.xpr
Scanning sources...
Finished scanning sources
INFO: [IP_Flow 19-234] Refreshing IP repositories
INFO: [IP_Flow 19-1704] No user IP repositories specified
INFO: [IP_Flow 19-2313] Loaded Vivado IP repository 'C:/Xilinx/Vivado/2018.3/data/ip'.
current_project encode_b
close_project
****** Webtalk v2018.3 (64-bit)
  **** SW Build 2405991 on Thu Dec  6 23:38:27 MST 2018
  **** IP Build 2404404 on Fri Dec  7 01:43:56 MST 2018
    ** Copyright 1986-2018 Xilinx, Inc. All Rights Reserved.

source C:/Users/admin/Desktop/5b6b/B_2mbps/hdl_netlist/encode_b.hw/webtalk/labtool_webtalk.tcl -notrace
INFO: [Common 17-186] 'C:/Users/admin/Desktop/5b6b/B_2mbps/hdl_netlist/encode_b.hw/webtalk/usage_statistics_ext_labtool.xml' has been successfully sent to Xilinx on Sat Dec 14 18:54:06 2019. For additional details about this file, please refer to the WebTalk help file at C:/Xilinx/Vivado/2018.3/doc/webtalk_introduction.html.
INFO: [Common 17-206] Exiting Webtalk at Sat Dec 14 18:54:06 2019...
close_project: Time (s): cpu = 00:00:01 ; elapsed = 00:00:06 . Memory (MB): peak = 818.664 ; gain = 0.000
update_compile_order -fileset sources_1
file mkdir C:/Users/admin/Desktop/5b6b/Decode_A_2Mbps/hdl_netlist/decode_a.srcs/constrs_1/new
close [ open C:/Users/admin/Desktop/5b6b/Decode_A_2Mbps/hdl_netlist/decode_a.srcs/constrs_1/new/cons.xdc w ]
add_files -fileset constrs_1 C:/Users/admin/Desktop/5b6b/Decode_A_2Mbps/hdl_netlist/decode_a.srcs/constrs_1/new/cons.xdc
launch_runs impl_1 -to_step write_bitstream -jobs 8
[Sat Dec 14 18:57:24 2019] Launched synth_1...
Run output will be captured here: C:/Users/admin/Desktop/5b6b/Decode_A_2Mbps/hdl_netlist/decode_a.runs/synth_1/runme.log
[Sat Dec 14 18:57:24 2019] Launched impl_1...
Run output will be captured here: C:/Users/admin/Desktop/5b6b/Decode_A_2Mbps/hdl_netlist/decode_a.runs/impl_1/runme.log
open_hw
close_hw
close_project
****** Webtalk v2018.3 (64-bit)
  **** SW Build 2405991 on Thu Dec  6 23:38:27 MST 2018
  **** IP Build 2404404 on Fri Dec  7 01:43:56 MST 2018
    ** Copyright 1986-2018 Xilinx, Inc. All Rights Reserved.

source C:/Users/admin/Desktop/5b6b/Decode_A_2Mbps/hdl_netlist/decode_a.hw/webtalk/labtool_webtalk.tcl -notrace
INFO: [Common 17-186] 'C:/Users/admin/Desktop/5b6b/Decode_A_2Mbps/hdl_netlist/decode_a.hw/webtalk/usage_statistics_ext_labtool.xml' has been successfully sent to Xilinx on Sat Dec 14 19:01:45 2019. For additional details about this file, please refer to the WebTalk help file at C:/Xilinx/Vivado/2018.3/doc/webtalk_introduction.html.
INFO: [Common 17-206] Exiting Webtalk at Sat Dec 14 19:01:45 2019...
open_project C:/Users/admin/Desktop/5b6b/Decode_B_2Mbps/hdl_netlist/decode_b.xpr
Scanning sources...
Finished scanning sources
INFO: [IP_Flow 19-234] Refreshing IP repositories
INFO: [IP_Flow 19-1704] No user IP repositories specified
INFO: [IP_Flow 19-2313] Loaded Vivado IP repository 'C:/Xilinx/Vivado/2018.3/data/ip'.
update_compile_order -fileset sources_1
file mkdir C:/Users/admin/Desktop/5b6b/Decode_B_2Mbps/hdl_netlist/decode_b.srcs/constrs_1/new
close [ open C:/Users/admin/Desktop/5b6b/Decode_B_2Mbps/hdl_netlist/decode_b.srcs/constrs_1/new/cons.xdc w ]
add_files -fileset constrs_1 C:/Users/admin/Desktop/5b6b/Decode_B_2Mbps/hdl_netlist/decode_b.srcs/constrs_1/new/cons.xdc
launch_runs impl_1 -to_step write_bitstream -jobs 8
[Sat Dec 14 19:03:29 2019] Launched synth_1...
Run output will be captured here: C:/Users/admin/Desktop/5b6b/Decode_B_2Mbps/hdl_netlist/decode_b.runs/synth_1/runme.log
[Sat Dec 14 19:03:29 2019] Launched impl_1...
Run output will be captured here: C:/Users/admin/Desktop/5b6b/Decode_B_2Mbps/hdl_netlist/decode_b.runs/impl_1/runme.log
close_project
open_project C:/Users/admin/Desktop/5b6b/Encode_A_2Mbps/hdl_netlist/func1.xpr
Scanning sources...
Finished scanning sources
INFO: [IP_Flow 19-234] Refreshing IP repositories
INFO: [IP_Flow 19-1704] No user IP repositories specified
INFO: [IP_Flow 19-2313] Loaded Vivado IP repository 'C:/Xilinx/Vivado/2018.3/data/ip'.
update_compile_order -fileset sources_1
file mkdir C:/Users/admin/Desktop/5b6b/Encode_A_2Mbps/hdl_netlist/func1.srcs/constrs_1/new
close [ open C:/Users/admin/Desktop/5b6b/Encode_A_2Mbps/hdl_netlist/func1.srcs/constrs_1/new/cons.xdc w ]
add_files -fileset constrs_1 C:/Users/admin/Desktop/5b6b/Encode_A_2Mbps/hdl_netlist/func1.srcs/constrs_1/new/cons.xdc
launch_runs impl_1 -to_step write_bitstream -jobs 8
[Sat Dec 14 19:09:10 2019] Launched synth_1...
Run output will be captured here: C:/Users/admin/Desktop/5b6b/Encode_A_2Mbps/hdl_netlist/func1.runs/synth_1/runme.log
[Sat Dec 14 19:09:10 2019] Launched impl_1...
Run output will be captured here: C:/Users/admin/Desktop/5b6b/Encode_A_2Mbps/hdl_netlist/func1.runs/impl_1/runme.log
exit
INFO: [Common 17-206] Exiting Vivado at Sat Dec 14 19:14:17 2019...
